Kt1.1 Information: 0 : Логирование инициализировано: 06.04.2025 13:10:19
Kt1.1 Information: 0 : Приложение запущено
Пользователь выбрал: 1
Kt1.1 Information: 0 : Попытка добавить задачу: Крутая задача
Kt1.1 Information: 0 : Задача добавлена: [1] Крутая задача - Крутая задача (В процессе)
Детали задачи: ID=1, CreatedAt=06.04.2025 13:11:11
Пользователь выбрал: 2
Kt1.1 Information: 0 : Запрос списка всех задач
Отображена задача: [1] Крутая задача - Крутая задача (В процессе)
Пользователь выбрал: 4
Kt1.1 Information: 0 : Попытка отметить задачу с ID 1 как выполненную
Kt1.1 Information: 0 : Задача отмечена как выполненная: [1] Крутая задача - Крутая задача (Выполнена (06.04.2025 13:11:45))
Пользователь выбрал: 4
Kt1.1 Information: 0 : Попытка отметить задачу с ID 1 как выполненную
Kt1.1 Warning: 0 : Задача с ID 1 уже была выполнена
Пользователь выбрал: 2
Kt1.1 Information: 0 : Запрос списка всех задач
Отображена задача: [1] Крутая задача - Крутая задача (Выполнена (06.04.2025 13:11:45))
Kt1.1 Information: 0 : Логирование инициализировано: 06.04.2025 13:12:36
Kt1.1 Information: 0 : Приложение запущено
Пользователь выбрал: 1
Kt1.1 Information: 0 : Попытка добавить задачу: Крутая задача
Kt1.1 Information: 0 : Задача добавлена: [1] Крутая задача - Крутая задача (В процессе)
Детали задачи: ID=1, CreatedAt=06.04.2025 13:12:46
Пользователь выбрал: 4
Kt1.1 Information: 0 : Попытка отметить задачу с ID 1 как выполненную
Kt1.1 Information: 0 : Задача отмечена как выполненная: [1] Крутая задача - Крутая задача (Выполнена (06.04.2025 13:13:06))
Пользователь выбрал: 2
Kt1.1 Information: 0 : Запрос списка всех задач
Отображена задача: [1] Крутая задача - Крутая задача (Выполнена (06.04.2025 13:13:06))
Пользователь выбрал: 3
Kt1.1 Information: 0 : Попытка удаления задачи с ID: 1
Kt1.1 Information: 0 : Задача удалена: [1] Крутая задача - Крутая задача (Выполнена (06.04.2025 13:13:06))
Пользователь выбрал: 2
Kt1.1 Information: 0 : Запрос списка всех задач
Kt1.1 Warning: 0 : Список задач пуст
